2022-08-25 09:34:54,333 - sloby.db - ERROR - db connect failed {'host': 'tai.db.elephantsql.com', 'dbname': 'ciqrsftx', 'user': 'ciqrsftx', 'password': 'qhqwls9u9JpK8FZ93amFfNTFEtm2SVD4M', 'should_initialize_database': True}
Traceback (most recent call last):
  File "D:\Sloby\sloby\backend\app\db\api.py", line 47, in __conn_singleton
    conn = connect(
  File "D:\Sloby\sloby\backend\venv\lib\site-packages\psycopg\connection.py", line 578, in connect
    raise ex.with_traceback(None)
psycopg.OperationalError: connection failed: FATAL:  password authentication failed for user "ciqrsftx"
connection to server at "tai.db.elephantsql.com" (18.203.249.221), port 5432 failed: FATAL:  password authentication failed for user "ciqrsftx"
2022-08-25 13:51:05,353 - sloby.db - INFO - Connecting to DB
2022-08-25 13:51:05,665 - sloby.db - INFO - Added user_data table to DB.
2022-08-25 13:51:56,935 - sloby.db - INFO - Connecting to DB
2022-08-25 13:51:57,188 - sloby.db - INFO - Added user_data table to DB.
2022-08-25 13:52:16,039 - sloby.db - INFO - Connecting to DB
2022-08-25 13:52:16,332 - sloby.db - INFO - Added user_data table to DB.
2022-08-25 13:52:16,397 - sloby.db - INFO - Added create_post table to DB.
2022-08-25 13:54:47,288 - sloby.db - INFO - Connecting to DB
2022-08-25 13:54:47,548 - sloby.db - INFO - Added user_data table to DB.
2022-08-25 13:54:47,604 - sloby.db - INFO - Added create_post table to DB.
2022-08-25 14:01:45,440 - sloby.db - INFO - Connecting to DB
2022-08-25 14:01:45,733 - sloby.db - INFO - Added user_data table to the DB.
2022-08-25 14:01:45,799 - sloby.db - INFO - Added create_post table to the DB.
2022-08-25 14:01:45,860 - sloby.db - INFO - <bound method SlobyDB.__get_tables of <db.api.SlobyDB object at 0x00000250B7525CF0>>
2022-08-25 14:10:12,775 - sloby.db - INFO - Connecting to DB
2022-08-25 14:10:13,058 - sloby.db - INFO - Added user_data table to the DB.
2022-08-25 14:10:13,123 - sloby.db - INFO - Added create_post table to the DB.
2022-08-25 14:10:13,747 - sloby.db - INFO - [('ciqrsftx', 'public', 'user_data', 'BASE TABLE', None, None, None, None, None, 'YES', 'NO', None), ('ciqrsftx', 'public', 'post_data', 'BASE TABLE', None, None, None, None, None, 'YES', 'NO', None), ('ciqrsftx', 'pg_catalog', 'pg_foreign_table', 'BASE TABLE', None, None, None, None, None, 'YES', 'NO', None), ('ciqrsftx', 'public', 'pg_stat_statements', 'VIEW', None, None, None, None, None, 'NO', 'NO', None), ('ciqrsftx', 'pg_catalog', 'pg_roles', 'VIEW', None, None, None, None, None, 'NO', 'NO', None), ('ciqrsftx', 'pg_catalog', 'pg_settings', 'VIEW', None, None, None, None, None, 'NO', 'NO', None), ('ciqrsftx', 'pg_catalog', 'pg_subscription', 'BASE TABLE', None, None, None, None, None, 'YES', 'NO', None), ('ciqrsftx', 'pg_catalog', 'pg_statio_all_indexes', 'VIEW', None, None, None, None, None, 'NO', 'NO', None), ('ciqrsftx', 'pg_catalog', 'pg_type', 'BASE TABLE', None, None, None, None, None, 'YES', 'NO', None), ('ciqrsftx', 'pg_catalog', 'pg_attribute', 'BASE TABLE', None, None, None, None, None, 'YES', 'NO', None), ('ciqrsftx', 'pg_catalog', 'pg_proc', 'BASE TABLE', None, None, None, None, None, 'YES', 'NO', None), ('ciqrsftx', 'pg_catalog', 'pg_class', 'BASE TABLE', None, None, None, None, None, 'YES', 'NO', None), ('ciqrsftx', 'pg_catalog', 'pg_attrdef', 'BASE TABLE', None, None, None, None, None, 'YES', 'NO', None), ('ciqrsftx', 'pg_catalog', 'pg_constraint', 'BASE TABLE', None, None, None, None, None, 'YES', 'NO', None), ('ciqrsftx', 'pg_catalog', 'pg_inherits', 'BASE TABLE', None, None, None, None, None, 'YES', 'NO', None), ('ciqrsftx', 'pg_catalog', 'pg_index', 'BASE TABLE', None, None, None, None, None, 'YES', 'NO', None), ('ciqrsftx', 'pg_catalog', 'pg_operator', 'BASE TABLE', None, None, None, None, None, 'YES', 'NO', None), ('ciqrsftx', 'pg_catalog', 'pg_opfamily', 'BASE TABLE', None, None, None, None, None, 'YES', 'NO', None), ('ciqrsftx', 'pg_catalog', 'pg_opclass', 'BASE TABLE', None, None, None, None, None, 'YES', 'NO', None), ('ciqrsftx', 'pg_catalog', 'pg_am', 'BASE TABLE', None, None, None, None, None, 'YES', 'NO', None), ('ciqrsftx', 'pg_catalog', 'pg_amop', 'BASE TABLE', None, None, None, None, None, 'YES', 'NO', None), ('ciqrsftx', 'pg_catalog', 'pg_amproc', 'BASE TABLE', None, None, None, None, None, 'YES', 'NO', None), ('ciqrsftx', 'pg_catalog', 'pg_language', 'BASE TABLE', None, None, None, None, None, 'YES', 'NO', None), ('ciqrsftx', 'pg_catalog', 'pg_largeobject_metadata', 'BASE TABLE', None, None, None, None, None, 'YES', 'NO', None), ('ciqrsftx', 'pg_catalog', 'pg_aggregate', 'BASE TABLE', None, None, None, None, None, 'YES', 'NO', None), ('ciqrsftx', 'pg_catalog', 'pg_statistic_ext', 'BASE TABLE', None, None, None, None, None, 'YES', 'NO', None), ('ciqrsftx', 'pg_catalog', 'pg_rewrite', 'BASE TABLE', None, None, None, None, None, 'YES', 'NO', None), ('ciqrsftx', 'pg_catalog', 'pg_trigger', 'BASE TABLE', None, None, None, None, None, 'YES', 'NO', None), ('ciqrsftx', 'pg_catalog', 'pg_event_trigger', 'BASE TABLE', None, None, None, None, None, 'YES', 'NO', None), ('ciqrsftx', 'pg_catalog', 'pg_description', 'BASE TABLE', None, None, None, None, None, 'YES', 'NO', None), ('ciqrsftx', 'pg_catalog', 'pg_cast', 'BASE TABLE', None, None, None, None, None, 'YES', 'NO', None), ('ciqrsftx', 'pg_catalog', 'pg_enum', 'BASE TABLE', None, None, None, None, None, 'YES', 'NO', None), ('ciqrsftx', 'pg_catalog', 'pg_namespace', 'BASE TABLE', None, None, None, None, None, 'YES', 'NO', None), ('ciqrsftx', 'pg_catalog', 'pg_conversion', 'BASE TABLE', None, None, None, None, None, 'YES', 'NO', None), ('ciqrsftx', 'pg_catalog', 'pg_depend', 'BASE TABLE', None, None, None, None, None, 'YES', 'NO', None), ('ciqrsftx', 'pg_catalog', 'pg_database', 'BASE TABLE', None, None, None, None, None, 'YES', 'NO', None), ('ciqrsftx', 'pg_catalog', 'pg_db_role_setting', 'BASE TABLE', None, None, None, None, None, 'YES', 'NO', None), ('ciqrsftx', 'pg_catalog', 'pg_tablespace', 'BASE TABLE', None, None, None, None, None, 'YES', 'NO', None), ('ciqrsftx', 'pg_catalog', 'pg_pltemplate', 'BASE TABLE', None, None, None, None, None, 'YES', 'NO', None), ('ciqrsftx', 'pg_catalog', 'pg_auth_members', 'BASE TABLE', None, None, None, None, None, 'YES', 'NO', None), ('ciqrsftx', 'pg_catalog', 'pg_shdepend', 'BASE TABLE', None, None, None, None, None, 'YES', 'NO', None), ('ciqrsftx', 'pg_catalog', 'pg_shdescription', 'BASE TABLE', None, None, None, None, None, 'YES', 'NO', None), ('ciqrsftx', 'pg_catalog', 'pg_ts_config', 'BASE TABLE', None, None, None, None, None, 'YES', 'NO', None), ('ciqrsftx', 'pg_catalog', 'pg_ts_config_map', 'BASE TABLE', None, None, None, None, None, 'YES', 'NO', None), ('ciqrsftx', 'pg_catalog', 'pg_ts_dict', 'BASE TABLE', None, None, None, None, None, 'YES', 'NO', None), ('ciqrsftx', 'pg_catalog', 'pg_ts_parser', 'BASE TABLE', None, None, None, None, None, 'YES', 'NO', None), ('ciqrsftx', 'pg_catalog', 'pg_ts_template', 'BASE TABLE', None, None, None, None, None, 'YES', 'NO', None), ('ciqrsftx', 'pg_catalog', 'pg_extension', 'BASE TABLE', None, None, None, None, None, 'YES', 'NO', None), ('ciqrsftx', 'pg_catalog', 'pg_foreign_data_wrapper', 'BASE TABLE', None, None, None, None, None, 'YES', 'NO', None), ('ciqrsftx', 'pg_catalog', 'pg_foreign_server', 'BASE TABLE', None, None, None, None, None, 'YES', 'NO', None), ('ciqrsftx', 'pg_catalog', 'pg_policy', 'BASE TABLE', None, None, None, None, None, 'YES', 'NO', None), ('ciqrsftx', 'pg_catalog', 'pg_replication_origin', 'BASE TABLE', None, None, None, None, None, 'YES', 'NO', None), ('ciqrsftx', 'pg_catalog', 'pg_default_acl', 'BASE TABLE', None, None, None, None, None, 'YES', 'NO', None), ('ciqrsftx', 'pg_catalog', 'pg_init_privs', 'BASE TABLE', None, None, None, None, None, 'YES', 'NO', None), ('ciqrsftx', 'pg_catalog', 'pg_seclabel', 'BASE TABLE', None, None, None, None, None, 'YES', 'NO', None), ('ciqrsftx', 'pg_catalog', 'pg_shseclabel', 'BASE TABLE', None, None, None, None, None, 'YES', 'NO', None), ('ciqrsftx', 'pg_catalog', 'pg_collation', 'BASE TABLE', None, None, None, None, None, 'YES', 'NO', None), ('ciqrsftx', 'pg_catalog', 'pg_partitioned_table', 'BASE TABLE', None, None, None, None, None, 'YES', 'NO', None), ('ciqrsftx', 'pg_catalog', 'pg_range', 'BASE TABLE', None, None, None, None, None, 'YES', 'NO', None), ('ciqrsftx', 'pg_catalog', 'pg_transform', 'BASE TABLE', None, None, None, None, None, 'YES', 'NO', None), ('ciqrsftx', 'pg_catalog', 'pg_sequence', 'BASE TABLE', None, None, None, None, None, 'YES', 'NO', None), ('ciqrsftx', 'pg_catalog', 'pg_publication', 'BASE TABLE', None, None, None, None, None, 'YES', 'NO', None), ('ciqrsftx', 'pg_catalog', 'pg_publication_rel', 'BASE TABLE', None, None, None, None, None, 'YES', 'NO', None), ('ciqrsftx', 'pg_catalog', 'pg_subscription_rel', 'BASE TABLE', None, None, None, None, None, 'YES', 'NO', None), ('ciqrsftx', 'pg_catalog', 'pg_matviews', 'VIEW', None, None, None, None, None, 'NO', 'NO', None), ('ciqrsftx', 'pg_catalog', 'pg_group', 'VIEW', None, None, None, None, None, 'YES', 'NO', None), ('ciqrsftx', 'pg_catalog', 'pg_user', 'VIEW', None, None, None, None, None, 'NO', 'NO', None), ('ciqrsftx', 'pg_catalog', 'pg_policies', 'VIEW', None, None, None, None, None, 'NO', 'NO', None), ('ciqrsftx', 'pg_catalog', 'pg_rules', 'VIEW', None, None, None, None, None, 'NO', 'NO', None), ('ciqrsftx', 'pg_catalog', 'pg_views', 'VIEW', None, None, None, None, None, 'NO', 'NO', None), ('ciqrsftx', 'pg_catalog', 'pg_tables', 'VIEW', None, None, None, None, None, 'NO', 'NO', None), ('ciqrsftx', 'pg_catalog', 'pg_indexes', 'VIEW', None, None, None, None, None, 'NO', 'NO', None), ('ciqrsftx', 'pg_catalog', 'pg_sequences', 'VIEW', None, None, None, None, None, 'NO', 'NO', None), ('ciqrsftx', 'pg_catalog', 'pg_stats', 'VIEW', None, None, None, None, None, 'NO', 'NO', None), ('ciqrsftx', 'pg_catalog', 'pg_publication_tables', 'VIEW', None, None, None, None, None, 'NO', 'NO', None), ('ciqrsftx', 'pg_catalog', 'pg_locks', 'VIEW', None, None, None, None, None, 'NO', 'NO', None), ('ciqrsftx', 'pg_catalog', 'pg_cursors', 'VIEW', None, None, None, None, None, 'NO', 'NO', None), ('ciqrsftx', 'pg_catalog', 'pg_available_extensions', 'VIEW', None, None, None, None, None, 'NO', 'NO', None), ('ciqrsftx', 'pg_catalog', 'pg_available_extension_versions', 'VIEW', None, None, None, None, None, 'NO', 'NO', None), ('ciqrsftx', 'pg_catalog', 'pg_prepared_xacts', 'VIEW', None, None, None, None, None, 'NO', 'NO', None), ('ciqrsftx', 'pg_catalog', 'pg_prepared_statements', 'VIEW', None, None, None, None, None, 'NO', 'NO', None), ('ciqrsftx', 'pg_catalog', 'pg_seclabels', 'VIEW', None, None, None, None, None, 'NO', 'NO', None), ('ciqrsftx', 'pg_catalog', 'pg_statio_sys_indexes', 'VIEW', None, None, None, None, None, 'NO', 'NO', None), ('ciqrsftx', 'pg_catalog', 'pg_timezone_abbrevs', 'VIEW', None, None, None, None, None, 'NO', 'NO', None), ('ciqrsftx', 'pg_catalog', 'pg_timezone_names', 'VIEW', None, None, None, None, None, 'NO', 'NO', None), ('ciqrsftx', 'pg_catalog', 'pg_stat_all_tables', 'VIEW', None, None, None, None, None, 'NO', 'NO', None), ('ciqrsftx', 'pg_catalog', 'pg_stat_xact_all_tables', 'VIEW', None, None, None, None, None, 'NO', 'NO', None), ('ciqrsftx', 'pg_catalog', 'pg_stat_sys_tables', 'VIEW', None, None, None, None, None, 'NO', 'NO', None), ('ciqrsftx', 'pg_catalog', 'pg_stat_xact_sys_tables', 'VIEW', None, None, None, None, None, 'NO', 'NO', None), ('ciqrsftx', 'pg_catalog', 'pg_stat_user_tables', 'VIEW', None, None, None, None, None, 'NO', 'NO', None), ('ciqrsftx', 'pg_catalog', 'pg_stat_xact_user_tables', 'VIEW', None, None, None, None, None, 'NO', 'NO', None), ('ciqrsftx', 'pg_catalog', 'pg_statio_all_tables', 'VIEW', None, None, None, None, None, 'NO', 'NO', None), ('ciqrsftx', 'pg_catalog', 'pg_statio_sys_tables', 'VIEW', None, None, None, None, None, 'NO', 'NO', None), ('ciqrsftx', 'pg_catalog', 'pg_statio_user_tables', 'VIEW', None, None, None, None, None, 'NO', 'NO', None), ('ciqrsftx', 'pg_catalog', 'pg_stat_all_indexes', 'VIEW', None, None, None, None, None, 'NO', 'NO', None), ('ciqrsftx', 'pg_catalog', 'pg_stat_sys_indexes', 'VIEW', None, None, None, None, None, 'NO', 'NO', None), ('ciqrsftx', 'pg_catalog', 'pg_stat_user_indexes', 'VIEW', None, None, None, None, None, 'NO', 'NO', None), ('ciqrsftx', 'pg_catalog', 'pg_statio_user_indexes', 'VIEW', None, None, None, None, None, 'NO', 'NO', None), ('ciqrsftx', 'pg_catalog', 'pg_statio_all_sequences', 'VIEW', None, None, None, None, None, 'NO', 'NO', None), ('ciqrsftx', 'pg_catalog', 'pg_statio_sys_sequences', 'VIEW', None, None, None, None, None, 'NO', 'NO', None), ('ciqrsftx', 'pg_catalog', 'pg_statio_user_sequences', 'VIEW', None, None, None, None, None, 'NO', 'NO', None), ('ciqrsftx', 'pg_catalog', 'pg_stat_activity', 'VIEW', None, None, None, None, None, 'NO', 'NO', None), ('ciqrsftx', 'pg_catalog', 'pg_stat_replication', 'VIEW', None, None, None, None, None, 'NO', 'NO', None), ('ciqrsftx', 'pg_catalog', 'pg_stat_wal_receiver', 'VIEW', None, None, None, None, None, 'NO', 'NO', None), ('ciqrsftx', 'pg_catalog', 'pg_stat_subscription', 'VIEW', None, None, None, None, None, 'NO', 'NO', None), ('ciqrsftx', 'pg_catalog', 'pg_stat_ssl', 'VIEW', None, None, None, None, None, 'NO', 'NO', None), ('ciqrsftx', 'pg_catalog', 'pg_replication_slots', 'VIEW', None, None, None, None, None, 'NO', 'NO', None), ('ciqrsftx', 'pg_catalog', 'pg_stat_database', 'VIEW', None, None, None, None, None, 'YES', 'NO', None), ('ciqrsftx', 'pg_catalog', 'pg_stat_database_conflicts', 'VIEW', None, None, None, None, None, 'YES', 'NO', None), ('ciqrsftx', 'pg_catalog', 'pg_stat_user_functions', 'VIEW', None, None, None, None, None, 'NO', 'NO', None), ('ciqrsftx', 'pg_catalog', 'pg_stat_xact_user_functions', 'VIEW', None, None, None, None, None, 'NO', 'NO', None), ('ciqrsftx', 'pg_catalog', 'pg_stat_archiver', 'VIEW', None, None, None, None, None, 'NO', 'NO', None), ('ciqrsftx', 'pg_catalog', 'pg_stat_bgwriter', 'VIEW', None, None, None, None, None, 'NO', 'NO', None), ('ciqrsftx', 'pg_catalog', 'pg_stat_progress_vacuum', 'VIEW', None, None, None, None, None, 'NO', 'NO', None), ('ciqrsftx', 'pg_catalog', 'pg_user_mappings', 'VIEW', None, None, None, None, None, 'NO', 'NO', None), ('ciqrsftx', 'information_schema', 'key_column_usage', 'VIEW', None, None, None, None, None, 'NO', 'NO', None), ('ciqrsftx', 'information_schema', 'information_schema_catalog_name', 'VIEW', None, None, None, None, None, 'NO', 'NO', None), ('ciqrsftx', 'information_schema', 'column_privileges', 'VIEW', None, None, None, None, None, 'NO', 'NO', None), ('ciqrsftx', 'information_schema', 'applicable_roles', 'VIEW', None, None, None, None, None, 'NO', 'NO', None), ('ciqrsftx', 'information_schema', 'administrable_role_authorizations', 'VIEW', None, None, None, None, None, 'NO', 'NO', None), ('ciqrsftx', 'information_schema', 'domain_udt_usage', 'VIEW', None, None, None, None, None, 'NO', 'NO', None), ('ciqrsftx', 'information_schema', 'attributes', 'VIEW', None, None, None, None, None, 'NO', 'NO', None), ('ciqrsftx', 'information_schema', 'column_udt_usage', 'VIEW', None, None, None, None, None, 'NO', 'NO', None), ('ciqrsftx', 'information_schema', 'character_sets', 'VIEW', None, None, None, None, None, 'NO', 'NO', None), ('ciqrsftx', 'information_schema', 'check_constraint_routine_usage', 'VIEW', None, None, None, None, None, 'NO', 'NO', None), ('ciqrsftx', 'information_schema', 'check_constraints', 'VIEW', None, None, None, None, None, 'NO', 'NO', None), ('ciqrsftx', 'information_schema', 'columns', 'VIEW', None, None, None, None, None, 'NO', 'NO', None), ('ciqrsftx', 'information_schema', 'collations', 'VIEW', None, None, None, None, None, 'NO', 'NO', None), ('ciqrsftx', 'information_schema', 'collation_character_set_applicability', 'VIEW', None, None, None, None, None, 'NO', 'NO', None), ('ciqrsftx', 'information_schema', 'column_domain_usage', 'VIEW', None, None, None, None, None, 'NO', 'NO', None), ('ciqrsftx', 'information_schema', 'constraint_column_usage', 'VIEW', None, None, None, None, None, 'NO', 'NO', None), ('ciqrsftx', 'information_schema', 'domains', 'VIEW', None, None, None, None, None, 'NO', 'NO', None), ('ciqrsftx', 'information_schema', 'constraint_table_usage', 'VIEW', None, None, None, None, None, 'NO', 'NO', None), ('ciqrsftx', 'information_schema', 'domain_constraints', 'VIEW', None, None, None, None, None, 'NO', 'NO', None), ('ciqrsftx', 'information_schema', 'role_column_grants', 'VIEW', None, None, None, None, None, 'NO', 'NO', None), ('ciqrsftx', 'information_schema', 'enabled_roles', 'VIEW', None, None, None, None, None, 'NO', 'NO', None), ('ciqrsftx', 'information_schema', 'referential_constraints', 'VIEW', None, None, None, None, None, 'NO', 'NO', None), ('ciqrsftx', 'information_schema', 'parameters', 'VIEW', None, None, None, None, None, 'NO', 'NO', None), ('ciqrsftx', 'information_schema', 'routine_privileges', 'VIEW', None, None, None, None, None, 'NO', 'NO', None), ('ciqrsftx', 'information_schema', 'role_routine_grants', 'VIEW', None, None, None, None, None, 'NO', 'NO', None), ('ciqrsftx', 'information_schema', 'routines', 'VIEW', None, None, None, None, None, 'NO', 'NO', None), ('ciqrsftx', 'information_schema', 'schemata', 'VIEW', None, None, None, None, None, 'NO', 'NO', None), ('ciqrsftx', 'information_schema', 'table_constraints', 'VIEW', None, None, None, None, None, 'NO', 'NO', None), ('ciqrsftx', 'information_schema', 'sequences', 'VIEW', None, None, None, None, None, 'NO', 'NO', None), ('ciqrsftx', 'information_schema', 'sql_features', 'BASE TABLE', None, None, None, None, None, 'YES', 'NO', None), ('ciqrsftx', 'information_schema', 'triggered_update_columns', 'VIEW', None, None, None, None, None, 'NO', 'NO', None), ('ciqrsftx', 'information_schema', 'sql_implementation_info', 'BASE TABLE', None, None, None, None, None, 'YES', 'NO', None), ('ciqrsftx', 'information_schema', 'table_privileges', 'VIEW', None, None, None, None, None, 'NO', 'NO', None), ('ciqrsftx', 'information_schema', 'sql_languages', 'BASE TABLE', None, None, None, None, None, 'YES', 'NO', None), ('ciqrsftx', 'information_schema', 'sql_packages', 'BASE TABLE', None, None, None, None, None, 'YES', 'NO', None), ('ciqrsftx', 'information_schema', 'sql_sizing', 'BASE TABLE', None, None, None, None, None, 'YES', 'NO', None), ('ciqrsftx', 'information_schema', 'role_table_grants', 'VIEW', None, None, None, None, None, 'NO', 'NO', None), ('ciqrsftx', 'information_schema', 'sql_sizing_profiles', 'BASE TABLE', None, None, None, None, None, 'YES', 'NO', None), ('ciqrsftx', 'information_schema', 'triggers', 'VIEW', None, None, None, None, None, 'NO', 'NO', None), ('ciqrsftx', 'information_schema', 'tables', 'VIEW', None, None, None, None, None, 'NO', 'NO', None), ('ciqrsftx', 'information_schema', 'role_udt_grants', 'VIEW', None, None, None, None, None, 'NO', 'NO', None), ('ciqrsftx', 'information_schema', 'udt_privileges', 'VIEW', None, None, None, None, None, 'NO', 'NO', None), ('ciqrsftx', 'information_schema', 'role_usage_grants', 'VIEW', None, None, None, None, None, 'NO', 'NO', None), ('ciqrsftx', 'information_schema', 'usage_privileges', 'VIEW', None, None, None, None, None, 'NO', 'NO', None), ('ciqrsftx', 'information_schema', 'user_defined_types', 'VIEW', None, None, None, None, None, 'NO', 'NO', None), ('ciqrsftx', 'information_schema', 'view_column_usage', 'VIEW', None, None, None, None, None, 'NO', 'NO', None), ('ciqrsftx', 'information_schema', 'view_routine_usage', 'VIEW', None, None, None, None, None, 'NO', 'NO', None), ('ciqrsftx', 'information_schema', 'view_table_usage', 'VIEW', None, None, None, None, None, 'NO', 'NO', None), ('ciqrsftx', 'information_schema', 'views', 'VIEW', None, None, None, None, None, 'NO', 'NO', None), ('ciqrsftx', 'information_schema', 'data_type_privileges', 'VIEW', None, None, None, None, None, 'NO', 'NO', None), ('ciqrsftx', 'information_schema', 'user_mapping_options', 'VIEW', None, None, None, None, None, 'NO', 'NO', None), ('ciqrsftx', 'information_schema', 'element_types', 'VIEW', None, None, None, None, None, 'NO', 'NO', None), ('ciqrsftx', 'information_schema', 'column_options', 'VIEW', None, None, None, None, None, 'NO', 'NO', None), ('ciqrsftx', 'information_schema', 'foreign_data_wrapper_options', 'VIEW', None, None, None, None, None, 'NO', 'NO', None), ('ciqrsftx', 'information_schema', 'user_mappings', 'VIEW', None, None, None, None, None, 'NO', 'NO', None), ('ciqrsftx', 'information_schema', 'foreign_data_wrappers', 'VIEW', None, None, None, None, None, 'NO', 'NO', None), ('ciqrsftx', 'information_schema', 'foreign_server_options', 'VIEW', None, None, None, None, None, 'NO', 'NO', None), ('ciqrsftx', 'information_schema', 'foreign_servers', 'VIEW', None, None, None, None, None, 'NO', 'NO', None), ('ciqrsftx', 'information_schema', 'foreign_table_options', 'VIEW', None, None, None, None, None, 'NO', 'NO', None), ('ciqrsftx', 'information_schema', 'foreign_tables', 'VIEW', None, None, None, None, None, 'NO', 'NO', None)]
2022-08-25 14:47:09,432 - sloby.db - INFO - Connecting to DB
2022-08-25 14:50:30,210 - sloby.db - INFO - Connecting to DB
2022-08-25 14:51:43,266 - sloby.db - INFO - Connecting to DB
2022-08-25 15:25:11,302 - sloby.db - INFO - Connecting to DB
2022-08-25 15:41:08,746 - sloby.db - INFO - Connecting to DB
2022-08-25 15:42:16,570 - sloby.db - INFO - Connecting to DB
2022-08-25 15:42:17,022 - sloby.db - INFO - This tableUSER_DATA already exists.
2022-08-25 15:42:17,501 - sloby.db - INFO - This tablePOST_DATA already exists.
2022-08-25 15:45:42,941 - sloby.db - INFO - Connecting to DB
2022-08-25 15:45:43,358 - sloby.db - INFO - Already exists! 
2022-08-25 15:45:43,521 - sloby.db - INFO - Added USER_DATA table to the DB.
2022-08-25 15:45:43,966 - sloby.db - INFO - Already exists! 
2022-08-25 15:45:44,080 - sloby.db - INFO - Added POST_DATA table to the DB.
2022-08-25 15:46:27,460 - sloby.db - INFO - Connecting to DB
2022-08-25 15:46:27,895 - sloby.db - INFO - Already exists! 
2022-08-25 15:47:34,500 - sloby.db - INFO - Connecting to DB
2022-08-25 15:47:34,930 - sloby.db - INFO - Already exists! 
2022-08-25 15:48:25,514 - sloby.db - INFO - Connecting to DB
2022-08-25 15:48:25,941 - sloby.db - INFO - Already exists! 
2022-08-25 15:51:09,876 - sloby.db - INFO - Connecting to DB
2022-08-25 15:53:41,441 - sloby.db - INFO - Connecting to DB
2022-08-25 15:54:04,017 - sloby.db - INFO - Connecting to DB
2022-08-25 15:54:35,063 - sloby.db - INFO - Connecting to DB
2022-08-25 15:56:01,781 - sloby.db - INFO - Connecting to DB
2022-08-25 15:56:02,235 - sloby.db - INFO - Already exists! 
2022-08-25 15:56:02,290 - sloby.db - INFO - This tableUSER_DATA already exists.
2022-08-25 15:56:02,820 - sloby.db - INFO - Already exists! 
2022-08-25 15:56:02,868 - sloby.db - INFO - This tablePOST_DATA already exists.
2022-08-25 15:58:47,008 - sloby.db - INFO - Connecting to DB
2022-08-25 15:58:47,427 - sloby.db - INFO - Already exists! 
2022-08-25 15:58:47,477 - sloby.db - INFO - This table USER_DATA already exists.
2022-08-25 15:58:47,882 - sloby.db - INFO - Already exists! 
2022-08-25 15:58:47,931 - sloby.db - INFO - This table POST_DATA already exists.
2022-08-25 16:02:56,110 - sloby.db - INFO - Connecting to DB
2022-08-25 16:02:56,684 - sloby.db - INFO - Added USER_DATA table to the DB.
2022-08-25 16:05:55,414 - sloby.db - INFO - Connecting to DB
2022-08-25 16:05:55,988 - sloby.db - INFO - Added USER_DATA table to the DB.
2022-08-25 16:10:25,337 - sloby.db - INFO - Connecting to DB
2022-08-25 16:10:25,937 - sloby.db - INFO - Added USER_DATA table to the DB.
2022-08-25 16:13:33,863 - sloby.db - INFO - Connecting to DB
2022-08-25 16:13:34,451 - sloby.db - INFO - Added USER_DATA table to the DB.
2022-08-25 16:13:51,566 - sloby.db - INFO - Connecting to DB
2022-08-25 16:13:52,175 - sloby.db - INFO - Added USER_DATA table to the DB.
2022-08-25 16:15:09,323 - sloby.db - INFO - Connecting to DB
2022-08-25 16:15:09,935 - sloby.db - INFO - Added USER_DATA table to the DB.
2022-08-25 16:15:28,119 - sloby.db - INFO - Connecting to DB
2022-08-25 16:15:28,728 - sloby.db - INFO - Added USER_DATA table to the DB.
2022-08-25 16:15:29,281 - sloby.db - INFO - Added POST_DATA table to the DB.
2022-08-25 16:16:31,779 - sloby.db - INFO - Connecting to DB
2022-08-25 16:17:08,699 - sloby.db - INFO - Connecting to DB
2022-08-25 16:17:09,135 - sloby.db - INFO - Already exists! 
2022-08-25 16:17:09,186 - sloby.db - INFO - This table USER_DATA already exists.
2022-08-25 16:17:09,628 - sloby.db - INFO - Already exists! 
2022-08-25 16:17:09,682 - sloby.db - INFO - This table POST_DATA already exists.
2022-08-25 16:19:28,609 - sloby.db - INFO - Connecting to DB
2022-08-25 16:19:28,990 - sloby.db - INFO - Already exists! 
2022-08-25 16:19:29,037 - sloby.db - INFO - This table USER_DATA already exists.
2022-08-25 16:19:29,464 - sloby.db - INFO - Already exists! 
2022-08-25 16:19:29,516 - sloby.db - INFO - This table POST_DATA already exists.
2022-08-25 16:20:47,383 - sloby.db - INFO - Connecting to DB
2022-08-25 16:20:47,793 - sloby.db - INFO - Already exists! 
2022-08-25 16:20:47,843 - sloby.db - INFO - This table USER_DATA already exists.
2022-08-25 16:20:48,224 - sloby.db - INFO - Already exists! 
2022-08-25 16:20:48,270 - sloby.db - INFO - This table POST_DATA already exists.
2022-08-25 16:23:03,492 - sloby.db - INFO - Connecting to DB
2022-08-25 16:25:04,062 - sloby.db - INFO - Connecting to DB
2022-08-25 16:27:23,118 - sloby.db - INFO - Connecting to DB
2022-08-25 16:27:23,699 - sloby.db - INFO - Added USER_DATA table to the DB.
2022-08-25 16:27:25,986 - sloby.db - INFO - Connecting to DB
2022-08-25 16:27:26,568 - sloby.db - INFO - Added USER_DATA table to the DB.
2022-08-25 16:29:29,071 - sloby.db - INFO - Connecting to DB
2022-08-25 16:29:29,507 - sloby.db - INFO - This table USER_DATA already exists.
2022-08-25 16:29:29,946 - sloby.db - INFO - This table POST_DATA already exists.
2022-08-25 16:56:04,796 - sloby.db - INFO - Connecting to DB
2022-08-25 16:56:33,237 - sloby.db - INFO - Connecting to DB
2022-08-25 16:56:48,950 - sloby.db - INFO - Connecting to DB
2022-08-25 16:57:15,876 - sloby.db - INFO - Connecting to DB
2022-08-25 16:57:16,482 - sloby.db - INFO - Added USER_DATA table to the DB.
2022-08-25 16:58:01,931 - sloby.db - INFO - Connecting to DB
2022-08-25 16:58:02,505 - sloby.db - INFO - Added USER_DATA table to the DB.
2022-08-25 16:58:23,015 - sloby.db - INFO - Connecting to DB
2022-08-25 16:58:23,569 - sloby.db - INFO - Added USER_DATA table to the DB.
2022-08-25 16:59:14,293 - sloby.db - INFO - Connecting to DB
2022-08-25 16:59:14,795 - sloby.db - INFO - This table USER_DATA already exists.
2022-08-25 16:59:15,287 - sloby.db - INFO - This table POST_DATA already exists.
2022-08-25 16:59:48,926 - sloby.db - INFO - Connecting to DB
2022-08-25 16:59:49,491 - sloby.db - INFO - Added USER_DATA table to the DB.
2022-08-25 17:03:04,926 - sloby.db - INFO - Connecting to DB
2022-08-25 17:03:05,529 - sloby.db - INFO - Added USER_DATA table to the DB.
2022-08-25 17:04:01,733 - sloby.db - INFO - Connecting to DB
2022-08-25 17:04:02,312 - sloby.db - INFO - Added USER_DATA table to the DB.
2022-08-25 17:04:02,779 - sloby.db - INFO - This table POST_DATA already exists.
2022-08-25 17:04:23,585 - sloby.db - INFO - Connecting to DB
2022-08-25 17:04:24,043 - sloby.db - INFO - This table USER_DATA already exists.
2022-08-25 17:04:24,499 - sloby.db - INFO - This table POST_DATA already exists.
2022-08-25 17:06:11,960 - sloby.db - INFO - Connecting to DB
2022-08-25 17:06:12,461 - sloby.db - INFO - This table USER_DATA already exists.
2022-08-25 17:06:12,921 - sloby.db - INFO - This table POST_DATA already exists.
2022-08-25 17:06:33,809 - sloby.db - INFO - Connecting to DB
2022-08-25 17:06:34,301 - sloby.db - INFO - This table USER_DATA already exists.
2022-08-25 17:06:34,885 - sloby.db - INFO - Added POST_DATA table to the DB.
2022-08-26 10:10:25,331 - sloby.db - INFO - Connecting to DB
2022-08-26 10:10:25,333 - sloby.db - INFO - Connecting to DB
2022-08-26 10:10:25,335 - sloby.db - INFO - Connecting to DB
2022-08-26 10:10:25,342 - sloby.db - INFO - Connecting to DB
2022-08-26 10:10:25,362 - sloby.db - INFO - Connecting to DB
2022-08-26 10:10:25,635 - sloby.db - ERROR - db connect failed {'host': 'tai.db.elephantsql.com', 'dbname': 'ciqrsftx', 'user': 'ciqrsftx', 'password': 'qhqwls9u9JpK8FZ93amFfNTFEtm2SV4M', 'should_initialize_database': True}
Traceback (most recent call last):
  File "D:\Sloby\sloby\backend\app\.\db\api.py", line 42, in __conn_singleton
    self.conn = connect(
  File "d:\sloby\sloby\backend\venv\lib\site-packages\psycopg\connection.py", line 578, in connect
    raise ex.with_traceback(None)
psycopg.OperationalError: connection failed: FATAL:  too many connections for role "ciqrsftx"
2022-08-26 10:10:25,637 - sloby.db - ERROR - db connect failed {'host': 'tai.db.elephantsql.com', 'dbname': 'ciqrsftx', 'user': 'ciqrsftx', 'password': 'qhqwls9u9JpK8FZ93amFfNTFEtm2SV4M', 'should_initialize_database': True}
Traceback (most recent call last):
  File "D:\Sloby\sloby\backend\app\.\db\api.py", line 42, in __conn_singleton
    self.conn = connect(
  File "d:\sloby\sloby\backend\venv\lib\site-packages\psycopg\connection.py", line 578, in connect
    raise ex.with_traceback(None)
psycopg.OperationalError: connection failed: FATAL:  too many connections for role "ciqrsftx"
2022-08-26 10:10:25,647 - sloby.db - ERROR - db connect failed {'host': 'tai.db.elephantsql.com', 'dbname': 'ciqrsftx', 'user': 'ciqrsftx', 'password': 'qhqwls9u9JpK8FZ93amFfNTFEtm2SV4M', 'should_initialize_database': True}
Traceback (most recent call last):
  File "D:\Sloby\sloby\backend\app\.\db\api.py", line 42, in __conn_singleton
    self.conn = connect(
  File "d:\sloby\sloby\backend\venv\lib\site-packages\psycopg\connection.py", line 578, in connect
    raise ex.with_traceback(None)
psycopg.OperationalError: connection failed: FATAL:  too many connections for role "ciqrsftx"
2022-08-26 10:10:25,667 - sloby.db - ERROR - db connect failed {'host': 'tai.db.elephantsql.com', 'dbname': 'ciqrsftx', 'user': 'ciqrsftx', 'password': 'qhqwls9u9JpK8FZ93amFfNTFEtm2SV4M', 'should_initialize_database': True}
Traceback (most recent call last):
  File "D:\Sloby\sloby\backend\app\.\db\api.py", line 42, in __conn_singleton
    self.conn = connect(
  File "d:\sloby\sloby\backend\venv\lib\site-packages\psycopg\connection.py", line 578, in connect
    raise ex.with_traceback(None)
psycopg.OperationalError: connection failed: FATAL:  too many connections for role "ciqrsftx"
2022-08-26 10:10:25,701 - sloby.db - ERROR - db connect failed {'host': 'tai.db.elephantsql.com', 'dbname': 'ciqrsftx', 'user': 'ciqrsftx', 'password': 'qhqwls9u9JpK8FZ93amFfNTFEtm2SV4M', 'should_initialize_database': True}
Traceback (most recent call last):
  File "D:\Sloby\sloby\backend\app\.\db\api.py", line 42, in __conn_singleton
    self.conn = connect(
  File "d:\sloby\sloby\backend\venv\lib\site-packages\psycopg\connection.py", line 578, in connect
    raise ex.with_traceback(None)
psycopg.OperationalError: connection failed: FATAL:  too many connections for role "ciqrsftx"
2022-08-27 18:01:21,313 - sloby.db - INFO - Connecting to DB
2022-08-27 18:01:21,835 - sloby.db - INFO - This table USER_DATA already exists.
2022-08-27 18:01:22,313 - sloby.db - INFO - This table POST_DATA already exists.
2022-08-27 18:02:05,928 - sloby.db - INFO - Connecting to DB
2022-08-27 18:02:06,372 - sloby.db - INFO - This table USER_DATA already exists.
2022-08-27 18:02:06,861 - sloby.db - INFO - This table POST_DATA already exists.
2022-08-27 18:34:13,396 - sloby.db - INFO - Connecting to DB
2022-08-27 18:34:13,841 - sloby.db - INFO - This table USER_DATA already exists.
2022-08-27 18:34:14,280 - sloby.db - INFO - This table POST_DATA already exists.
2022-08-27 18:35:12,016 - sloby.db - INFO - Connecting to DB
2022-08-27 18:35:12,524 - sloby.db - INFO - This table USER_DATA already exists.
2022-08-27 18:35:12,987 - sloby.db - INFO - This table POST_DATA already exists.
2022-08-27 18:37:01,597 - sloby.db - INFO - Connecting to DB
2022-08-27 18:37:02,087 - sloby.db - INFO - This table USER_DATA already exists.
2022-08-27 18:37:02,579 - sloby.db - INFO - This table POST_DATA already exists.
2022-08-27 18:37:17,165 - sloby.db - INFO - Connecting to DB
2022-08-27 18:37:17,614 - sloby.db - INFO - This table USER_DATA already exists.
2022-08-27 18:37:18,094 - sloby.db - INFO - This table POST_DATA already exists.
2022-08-27 18:37:38,531 - sloby.db - INFO - Connecting to DB
2022-08-27 18:37:38,969 - sloby.db - INFO - This table USER_DATA already exists.
2022-08-27 18:37:39,452 - sloby.db - INFO - This table POST_DATA already exists.
2022-08-27 18:39:42,868 - sloby.db - INFO - Connecting to DB
2022-08-27 18:39:43,382 - sloby.db - INFO - This table USER_DATA already exists.
2022-08-27 18:39:43,898 - sloby.db - INFO - This table POST_DATA already exists.
2022-08-27 18:39:55,622 - sloby.db - INFO - Connecting to DB
2022-08-27 18:39:56,123 - sloby.db - INFO - This table USER_DATA already exists.
2022-08-27 18:39:56,606 - sloby.db - INFO - This table POST_DATA already exists.
2022-08-27 18:40:18,770 - sloby.db - INFO - Connecting to DB
2022-08-27 18:40:19,236 - sloby.db - INFO - This table USER_DATA already exists.
2022-08-27 18:40:19,682 - sloby.db - INFO - This table POST_DATA already exists.
2022-08-27 18:40:41,658 - sloby.db - INFO - Connecting to DB
2022-08-27 18:40:42,103 - sloby.db - INFO - This table USER_DATA already exists.
2022-08-27 18:40:42,593 - sloby.db - INFO - This table POST_DATA already exists.
2022-08-27 18:40:53,380 - sloby.db - INFO - Connecting to DB
2022-08-27 18:40:53,859 - sloby.db - INFO - This table USER_DATA already exists.
2022-08-27 18:40:54,368 - sloby.db - INFO - This table POST_DATA already exists.
2022-08-27 18:41:06,737 - sloby.db - INFO - Connecting to DB
2022-08-27 18:41:07,175 - sloby.db - INFO - This table USER_DATA already exists.
2022-08-27 18:41:07,664 - sloby.db - INFO - This table POST_DATA already exists.
2022-08-27 18:41:26,186 - sloby.db - INFO - Connecting to DB
2022-08-27 18:41:26,648 - sloby.db - INFO - This table USER_DATA already exists.
2022-08-27 18:41:27,128 - sloby.db - INFO - This table POST_DATA already exists.
2022-08-27 18:41:46,877 - sloby.db - INFO - Connecting to DB
2022-08-27 18:41:47,374 - sloby.db - INFO - This table USER_DATA already exists.
2022-08-27 18:41:47,833 - sloby.db - INFO - This table POST_DATA already exists.
2022-08-27 18:42:07,593 - sloby.db - INFO - Connecting to DB
2022-08-27 18:42:08,112 - sloby.db - INFO - This table USER_DATA already exists.
2022-08-27 18:42:08,580 - sloby.db - INFO - This table POST_DATA already exists.
2022-08-27 18:42:18,947 - sloby.db - INFO - Connecting to DB
2022-08-27 18:42:19,378 - sloby.db - INFO - This table USER_DATA already exists.
2022-08-27 18:42:19,873 - sloby.db - INFO - This table POST_DATA already exists.
2022-08-27 18:42:34,160 - sloby.db - INFO - Connecting to DB
2022-08-27 18:42:34,608 - sloby.db - INFO - This table USER_DATA already exists.
2022-08-27 18:42:35,056 - sloby.db - INFO - This table POST_DATA already exists.
2022-08-27 19:21:55,142 - sloby.db - INFO - Connecting to DB
2022-08-27 19:21:55,596 - sloby.db - INFO - This table USER_DATA already exists.
2022-08-27 19:21:56,090 - sloby.db - INFO - This table POST_DATA already exists.
2022-08-27 19:22:20,988 - sloby.db - INFO - Connecting to DB
2022-08-27 19:22:22,275 - sloby.db - INFO - Connecting to DB
2022-08-27 19:22:22,746 - sloby.db - INFO - This table USER_DATA already exists.
2022-08-27 19:22:23,197 - sloby.db - INFO - This table POST_DATA already exists.
2022-08-27 19:23:12,951 - sloby.db - INFO - Connecting to DB
2022-08-27 19:23:13,442 - sloby.db - INFO - This table USER_DATA already exists.
2022-08-27 19:23:13,906 - sloby.db - INFO - This table POST_DATA already exists.
2022-08-27 19:23:49,917 - sloby.db - INFO - Connecting to DB
2022-08-27 19:23:50,367 - sloby.db - INFO - This table USER_DATA already exists.
2022-08-27 19:23:50,805 - sloby.db - INFO - This table POST_DATA already exists.
2022-08-27 19:27:08,139 - sloby.db - INFO - Connecting to DB
2022-08-27 19:27:08,567 - sloby.db - INFO - This table USER_DATA already exists.
2022-08-27 19:27:09,018 - sloby.db - INFO - This table POST_DATA already exists.
2022-08-27 19:30:02,461 - sloby.db - INFO - Connecting to DB
2022-08-27 19:30:02,918 - sloby.db - INFO - This table USER_DATA already exists.
2022-08-27 19:30:03,369 - sloby.db - INFO - This table POST_DATA already exists.
2022-08-27 19:35:02,217 - sloby.db - INFO - Connecting to DB
2022-08-27 19:35:02,692 - sloby.db - INFO - This table USER_DATA already exists.
2022-08-27 19:35:03,180 - sloby.db - INFO - This table POST_DATA already exists.
